2026-06-13 14:33:51,808 - INFO - TypeFlip started
2026-06-13 14:36:51,313 | INFO | Hotkey 'f12' registered successfully
2026-06-13 14:36:51,313 | INFO | TypeFlip v1.2.0 started successfully
2026-06-13 14:40:34,524 | INFO | Global hotkey F12 registered successfully
2026-06-13 14:40:34,525 | INFO | TypeFlip v1.3.1 started in silent mode
2026-06-13 14:40:55,687 | INFO | Global hotkey F12 registered successfully
2026-06-13 14:40:55,687 | INFO | TypeFlip v1.3.1 started in silent mode
2026-06-13 14:40:57,840 | INFO | Converted 4 characters successfully
2026-06-13 14:41:01,323 | INFO | Converted 4 characters successfully
2026-06-13 14:41:06,140 | INFO | Converted 5 characters successfully
2026-06-13 14:41:09,571 | INFO | Converted 5 characters successfully
2026-06-13 14:41:12,879 | INFO | Converted 4 characters successfully
2026-06-13 14:41:15,591 | INFO | Converted 4 characters successfully
2026-06-13 14:41:18,615 | INFO | Converted 1 characters successfully
2026-06-13 14:42:12,088 | INFO | Converted 4 characters successfully
2026-06-13 14:42:14,306 | INFO | Converted 4 characters successfully
2026-06-13 14:42:16,098 | INFO | Converted 4 characters successfully
2026-06-13 14:42:16,728 | INFO | Converted 4 characters successfully
2026-06-13 14:42:17,162 | INFO | Converted 4 characters successfully
2026-06-13 14:42:17,595 | INFO | Converted 4 characters successfully
2026-06-13 14:42:17,997 | INFO | Converted 4 characters successfully
2026-06-13 14:42:18,358 | INFO | Converted 4 characters successfully
2026-06-13 14:42:19,221 | INFO | Converted 4 characters successfully
2026-06-13 14:42:19,711 | INFO | Converted 4 characters successfully
2026-06-13 14:42:20,219 | INFO | Converted 4 characters successfully
2026-06-13 14:42:30,804 | INFO | Converted 4 characters successfully
2026-06-13 14:42:37,203 | INFO | Converted 4 characters successfully
2026-06-13 14:42:39,101 | INFO | Converted 4 characters successfully
2026-06-13 14:42:39,716 | INFO | Converted 4 characters successfully
2026-06-13 14:42:40,161 | INFO | Converted 4 characters successfully
2026-06-13 14:42:40,853 | INFO | Converted 4 characters successfully
2026-06-13 14:42:41,528 | INFO | Converted 4 characters successfully
2026-06-13 14:42:42,096 | INFO | Converted 4 characters successfully
2026-06-13 14:42:42,761 | INFO | Converted 4 characters successfully
2026-06-13 14:42:43,285 | INFO | Converted 4 characters successfully
2026-06-13 14:47:57,568 | INFO | Global hotkey F12 registered successfully
2026-06-13 14:47:57,568 | INFO | TypeFlip v1.3.1 started in silent mode
2026-06-13 14:48:49,037 | INFO | Global hotkey F12 registered successfully
2026-06-13 14:48:49,037 | INFO | TypeFlip v1.3.1 started in silent mode
2026-06-13 14:50:09,616 | INFO | Global hotkey F12 registered successfully
2026-06-13 14:50:09,616 | INFO | TypeFlip v1.3.1 started in silent mode
2026-06-13 14:51:16,636 | INFO | Global hotkey F12 registered successfully
2026-06-13 14:51:16,636 | INFO | TypeFlip v1.3.1 started in silent mode
2026-06-13 14:51:22,655 | INFO | Converted 4 characters successfully
2026-06-13 14:51:23,277 | INFO | Converted 4 characters successfully
2026-06-13 14:51:28,109 | INFO | Converted 4 characters successfully
2026-06-13 14:51:28,717 | INFO | Converted 4 characters successfully
2026-06-13 14:51:33,349 | INFO | Converted 4 characters successfully
2026-06-13 14:51:33,971 | INFO | Converted 4 characters successfully
2026-06-13 14:52:26,270 | INFO | Converted 1 characters successfully
2026-06-13 14:52:26,763 | INFO | Converted 1 characters successfully
2026-06-13 14:53:52,042 | INFO | Global hotkey F12 registered successfully
2026-06-13 14:53:52,042 | INFO | TypeFlip v1.3.1 started in silent mode
